<?xml version="1.0" encoding="UTF-8"?>
<testsuite name="de.tum.in.ase.eist.CourseTest" tests="3" skipped="0" failures="0" errors="0" timestamp="2023-06-30T14:43:26" hostname="JunguoXu" time="0.021">
  <properties/>
  <testcase name="testGetCourseTitle()" classname="de.tum.in.ase.eist.CourseTest" time="0.018"/>
  <testcase name="testThreeAttendees()" classname="de.tum.in.ase.eist.CourseTest" time="0.001"/>
  <testcase name="testNoAttendees()" classname="de.tum.in.ase.eist.CourseTest" time="0.0"/>
  <system-out><![CDATA[]]></system-out>
  <system-err><![CDATA[]]></system-err>
</testsuite>
